<?xml version="1.0" encoding="UTF-8"?>
<!-- Generated by org.testng.reporters.JUnitReportReporter -->
<testsuite hostname="Maheshs-MacBook-Pro.local" failures="0" tests="1" name="Tests.logInTestCase.UsernameLabelText" time="0.045" errors="0" timestamp="27 Apr 2018 11:48:56 GMT" skipped="0">
  <testcase classname="Tests.logInTestCase.UsernameLabelText" name="loginUIUsernameLabelText" time="0.045"/>
</testsuite> <!-- Tests.logInTestCase.UsernameLabelText -->
