<?xml version="1.0" encoding="UTF-8"?>
<!-- Generated by org.testng.reporters.JUnitReportReporter -->
<testsuite hostname="Maheshs-MacBook-Pro.local" failures="0" tests="1" name="Tests.logInTestCase.EmailRadioButton" time="0.238" errors="0" timestamp="27 Apr 2018 11:10:24 GMT" skipped="0">
  <testcase classname="Tests.logInTestCase.EmailRadioButton" name="loginUIEmailRadioButton" time="0.238"/>
</testsuite> <!-- Tests.logInTestCase.EmailRadioButton -->
