<?xml version="1.0" encoding="UTF-8"?>
<!-- Generated by org.testng.reporters.JUnitReportReporter -->
<testsuite hostname="Maheshs-MacBook-Pro.local" failures="0" tests="1" name="Tests.logInTestCase.PasswordLabel" time="0.050" errors="0" timestamp="27 Apr 2018 11:48:56 GMT" skipped="0">
  <testcase classname="Tests.logInTestCase.PasswordLabel" name="loginUIPasswordLabelText" time="0.050"/>
</testsuite> <!-- Tests.logInTestCase.PasswordLabel -->
